Start testing: Mar 05 17:33 CET
----------------------------------------------------------
1/34 Testing: EmptyTree.InsertNode
1/34 Test: EmptyTree.InsertNode
Command: "/home/radovan/Downloads/ivs_project_1/assignment/build/black_box_test" "--gtest_filter=EmptyTree.InsertNode"
Directory: /home/radovan/Downloads/ivs_project_1/assignment/build
"EmptyTree.InsertNode" start time: Mar 05 17:33 CET
Output:
----------------------------------------------------------
/home/radovan/Downloads/ivs_project_1/assignment/build/black_box_test: Symbol `free' causes overflow in R_X86_64_PC32 relocation
/home/radovan/Downloads/ivs_project_1/assignment/build/black_box_test: Symbol `free' causes overflow in R_X86_64_PC32 relocation
/home/radovan/Downloads/ivs_project_1/assignment/build/black_box_test: Symbol `free' causes overflow in R_X86_64_PC32 relocation
/home/radovan/Downloads/ivs_project_1/assignment/build/black_box_test: Symbol `free' causes overflow in R_X86_64_PC32 relocation
/home/radovan/Downloads/ivs_project_1/assignment/build/black_box_test: Symbol `free' causes overflow in R_X86_64_PC32 relocation
/home/radovan/Downloads/ivs_project_1/assignment/build/black_box_test: Symbol `malloc' causes overflow in R_X86_64_PC32 relocation
/home/radovan/Downloads/ivs_project_1/assignment/build/black_box_test: Symbol `malloc' causes overflow in R_X86_64_PC32 relocation
/home/radovan/Downloads/ivs_project_1/assignment/build/black_box_test: Symbol `malloc' causes overflow in R_X86_64_PC32 relocation
Running main() from gtest_main.cc
Note: Google Test filter = EmptyTree.InsertNode
[==========] Running 1 test from 1 test case.
[----------] Global test environment set-up.
[----------] 1 test from EmptyTree
[ RUN      ] EmptyTree.InsertNode
<end of output>
Test time =   0.10 sec
----------------------------------------------------------
Test Failed.
"EmptyTree.InsertNode" end time: Mar 05 17:33 CET
"EmptyTree.InsertNode" time elapsed: 00:00:00
----------------------------------------------------------

2/34 Testing: EmptyTree.DeleteNode
2/34 Test: EmptyTree.DeleteNode
Command: "/home/radovan/Downloads/ivs_project_1/assignment/build/black_box_test" "--gtest_filter=EmptyTree.DeleteNode"
Directory: /home/radovan/Downloads/ivs_project_1/assignment/build
"EmptyTree.DeleteNode" start time: Mar 05 17:33 CET
Output:
----------------------------------------------------------
/home/radovan/Downloads/ivs_project_1/assignment/build/black_box_test: Symbol `free' causes overflow in R_X86_64_PC32 relocation
/home/radovan/Downloads/ivs_project_1/assignment/build/black_box_test: Symbol `free' causes overflow in R_X86_64_PC32 relocation
/home/radovan/Downloads/ivs_project_1/assignment/build/black_box_test: Symbol `free' causes overflow in R_X86_64_PC32 relocation
/home/radovan/Downloads/ivs_project_1/assignment/build/black_box_test: Symbol `free' causes overflow in R_X86_64_PC32 relocation
/home/radovan/Downloads/ivs_project_1/assignment/build/black_box_test: Symbol `free' causes overflow in R_X86_64_PC32 relocation
/home/radovan/Downloads/ivs_project_1/assignment/build/black_box_test: Symbol `malloc' causes overflow in R_X86_64_PC32 relocation
/home/radovan/Downloads/ivs_project_1/assignment/build/black_box_test: Symbol `malloc' causes overflow in R_X86_64_PC32 relocation
/home/radovan/Downloads/ivs_project_1/assignment/build/black_box_test: Symbol `malloc' causes overflow in R_X86_64_PC32 relocation
Running main() from gtest_main.cc
Note: Google Test filter = EmptyTree.DeleteNode
[==========] Running 1 test from 1 test case.
[----------] Global test environment set-up.
[----------] 1 test from EmptyTree
[ RUN      ] EmptyTree.DeleteNode
[       OK ] EmptyTree.DeleteNode (0 ms)
[----------] 1 test from EmptyTree (0 ms total)

[----------] Global test environment tear-down
[==========] 1 test from 1 test case ran. (0 ms total)
[  PASSED  ] 1 test.
<end of output>
Test time =   0.00 sec
----------------------------------------------------------
Test Passed.
"EmptyTree.DeleteNode" end time: Mar 05 17:33 CET
"EmptyTree.DeleteNode" time elapsed: 00:00:00
----------------------------------------------------------

3/34 Testing: EmptyTree.FindNode
3/34 Test: EmptyTree.FindNode
Command: "/home/radovan/Downloads/ivs_project_1/assignment/build/black_box_test" "--gtest_filter=EmptyTree.FindNode"
Directory: /home/radovan/Downloads/ivs_project_1/assignment/build
"EmptyTree.FindNode" start time: Mar 05 17:33 CET
Output:
----------------------------------------------------------
/home/radovan/Downloads/ivs_project_1/assignment/build/black_box_test: Symbol `free' causes overflow in R_X86_64_PC32 relocation
/home/radovan/Downloads/ivs_project_1/assignment/build/black_box_test: Symbol `free' causes overflow in R_X86_64_PC32 relocation
/home/radovan/Downloads/ivs_project_1/assignment/build/black_box_test: Symbol `free' causes overflow in R_X86_64_PC32 relocation
/home/radovan/Downloads/ivs_project_1/assignment/build/black_box_test: Symbol `free' causes overflow in R_X86_64_PC32 relocation
/home/radovan/Downloads/ivs_project_1/assignment/build/black_box_test: Symbol `free' causes overflow in R_X86_64_PC32 relocation
/home/radovan/Downloads/ivs_project_1/assignment/build/black_box_test: Symbol `malloc' causes overflow in R_X86_64_PC32 relocation
/home/radovan/Downloads/ivs_project_1/assignment/build/black_box_test: Symbol `malloc' causes overflow in R_X86_64_PC32 relocation
/home/radovan/Downloads/ivs_project_1/assignment/build/black_box_test: Symbol `malloc' causes overflow in R_X86_64_PC32 relocation
Running main() from gtest_main.cc
Note: Google Test filter = EmptyTree.FindNode
[==========] Running 1 test from 1 test case.
[----------] Global test environment set-up.
[----------] 1 test from EmptyTree
[ RUN      ] EmptyTree.FindNode
[       OK ] EmptyTree.FindNode (0 ms)
[----------] 1 test from EmptyTree (0 ms total)

[----------] Global test environment tear-down
[==========] 1 test from 1 test case ran. (0 ms total)
[  PASSED  ] 1 test.
<end of output>
Test time =   0.00 sec
----------------------------------------------------------
Test Passed.
"EmptyTree.FindNode" end time: Mar 05 17:33 CET
"EmptyTree.FindNode" time elapsed: 00:00:00
----------------------------------------------------------

4/34 Testing: NonEmptyTree.InsertNode
4/34 Test: NonEmptyTree.InsertNode
Command: "/home/radovan/Downloads/ivs_project_1/assignment/build/black_box_test" "--gtest_filter=NonEmptyTree.InsertNode"
Directory: /home/radovan/Downloads/ivs_project_1/assignment/build
"NonEmptyTree.InsertNode" start time: Mar 05 17:33 CET
Output:
----------------------------------------------------------
/home/radovan/Downloads/ivs_project_1/assignment/build/black_box_test: Symbol `free' causes overflow in R_X86_64_PC32 relocation
/home/radovan/Downloads/ivs_project_1/assignment/build/black_box_test: Symbol `free' causes overflow in R_X86_64_PC32 relocation
/home/radovan/Downloads/ivs_project_1/assignment/build/black_box_test: Symbol `free' causes overflow in R_X86_64_PC32 relocation
/home/radovan/Downloads/ivs_project_1/assignment/build/black_box_test: Symbol `free' causes overflow in R_X86_64_PC32 relocation
/home/radovan/Downloads/ivs_project_1/assignment/build/black_box_test: Symbol `free' causes overflow in R_X86_64_PC32 relocation
/home/radovan/Downloads/ivs_project_1/assignment/build/black_box_test: Symbol `malloc' causes overflow in R_X86_64_PC32 relocation
/home/radovan/Downloads/ivs_project_1/assignment/build/black_box_test: Symbol `malloc' causes overflow in R_X86_64_PC32 relocation
/home/radovan/Downloads/ivs_project_1/assignment/build/black_box_test: Symbol `malloc' causes overflow in R_X86_64_PC32 relocation
Running main() from gtest_main.cc
Note: Google Test filter = NonEmptyTree.InsertNode
[==========] Running 1 test from 1 test case.
[----------] Global test environment set-up.
[----------] 1 test from NonEmptyTree
[ RUN      ] NonEmptyTree.InsertNode
<end of output>
Test time =   0.10 sec
----------------------------------------------------------
Test Failed.
"NonEmptyTree.InsertNode" end time: Mar 05 17:33 CET
"NonEmptyTree.InsertNode" time elapsed: 00:00:00
----------------------------------------------------------

5/34 Testing: NonEmptyTree.DeleteNode
5/34 Test: NonEmptyTree.DeleteNode
Command: "/home/radovan/Downloads/ivs_project_1/assignment/build/black_box_test" "--gtest_filter=NonEmptyTree.DeleteNode"
Directory: /home/radovan/Downloads/ivs_project_1/assignment/build
"NonEmptyTree.DeleteNode" start time: Mar 05 17:33 CET
Output:
----------------------------------------------------------
/home/radovan/Downloads/ivs_project_1/assignment/build/black_box_test: Symbol `free' causes overflow in R_X86_64_PC32 relocation
/home/radovan/Downloads/ivs_project_1/assignment/build/black_box_test: Symbol `free' causes overflow in R_X86_64_PC32 relocation
/home/radovan/Downloads/ivs_project_1/assignment/build/black_box_test: Symbol `free' causes overflow in R_X86_64_PC32 relocation
/home/radovan/Downloads/ivs_project_1/assignment/build/black_box_test: Symbol `free' causes overflow in R_X86_64_PC32 relocation
/home/radovan/Downloads/ivs_project_1/assignment/build/black_box_test: Symbol `free' causes overflow in R_X86_64_PC32 relocation
/home/radovan/Downloads/ivs_project_1/assignment/build/black_box_test: Symbol `malloc' causes overflow in R_X86_64_PC32 relocation
/home/radovan/Downloads/ivs_project_1/assignment/build/black_box_test: Symbol `malloc' causes overflow in R_X86_64_PC32 relocation
/home/radovan/Downloads/ivs_project_1/assignment/build/black_box_test: Symbol `malloc' causes overflow in R_X86_64_PC32 relocation
Running main() from gtest_main.cc
Note: Google Test filter = NonEmptyTree.DeleteNode
[==========] Running 1 test from 1 test case.
[----------] Global test environment set-up.
[----------] 1 test from NonEmptyTree
[ RUN      ] NonEmptyTree.DeleteNode
<end of output>
Test time =   0.10 sec
----------------------------------------------------------
Test Failed.
"NonEmptyTree.DeleteNode" end time: Mar 05 17:33 CET
"NonEmptyTree.DeleteNode" time elapsed: 00:00:00
----------------------------------------------------------

6/34 Testing: NonEmptyTree.FindNode
6/34 Test: NonEmptyTree.FindNode
Command: "/home/radovan/Downloads/ivs_project_1/assignment/build/black_box_test" "--gtest_filter=NonEmptyTree.FindNode"
Directory: /home/radovan/Downloads/ivs_project_1/assignment/build
"NonEmptyTree.FindNode" start time: Mar 05 17:33 CET
Output:
----------------------------------------------------------
/home/radovan/Downloads/ivs_project_1/assignment/build/black_box_test: Symbol `free' causes overflow in R_X86_64_PC32 relocation
/home/radovan/Downloads/ivs_project_1/assignment/build/black_box_test: Symbol `free' causes overflow in R_X86_64_PC32 relocation
/home/radovan/Downloads/ivs_project_1/assignment/build/black_box_test: Symbol `free' causes overflow in R_X86_64_PC32 relocation
/home/radovan/Downloads/ivs_project_1/assignment/build/black_box_test: Symbol `free' causes overflow in R_X86_64_PC32 relocation
/home/radovan/Downloads/ivs_project_1/assignment/build/black_box_test: Symbol `free' causes overflow in R_X86_64_PC32 relocation
/home/radovan/Downloads/ivs_project_1/assignment/build/black_box_test: Symbol `malloc' causes overflow in R_X86_64_PC32 relocation
/home/radovan/Downloads/ivs_project_1/assignment/build/black_box_test: Symbol `malloc' causes overflow in R_X86_64_PC32 relocation
/home/radovan/Downloads/ivs_project_1/assignment/build/black_box_test: Symbol `malloc' causes overflow in R_X86_64_PC32 relocation
Running main() from gtest_main.cc
Note: Google Test filter = NonEmptyTree.FindNode
[==========] Running 1 test from 1 test case.
[----------] Global test environment set-up.
[----------] 1 test from NonEmptyTree
[ RUN      ] NonEmptyTree.FindNode
<end of output>
Test time =   0.10 sec
----------------------------------------------------------
Test Failed.
"NonEmptyTree.FindNode" end time: Mar 05 17:33 CET
"NonEmptyTree.FindNode" time elapsed: 00:00:00
----------------------------------------------------------

7/34 Testing: TreeAxioms.Axiom1
7/34 Test: TreeAxioms.Axiom1
Command: "/home/radovan/Downloads/ivs_project_1/assignment/build/black_box_test" "--gtest_filter=TreeAxioms.Axiom1"
Directory: /home/radovan/Downloads/ivs_project_1/assignment/build
"TreeAxioms.Axiom1" start time: Mar 05 17:33 CET
Output:
----------------------------------------------------------
/home/radovan/Downloads/ivs_project_1/assignment/build/black_box_test: Symbol `free' causes overflow in R_X86_64_PC32 relocation
/home/radovan/Downloads/ivs_project_1/assignment/build/black_box_test: Symbol `free' causes overflow in R_X86_64_PC32 relocation
/home/radovan/Downloads/ivs_project_1/assignment/build/black_box_test: Symbol `free' causes overflow in R_X86_64_PC32 relocation
/home/radovan/Downloads/ivs_project_1/assignment/build/black_box_test: Symbol `free' causes overflow in R_X86_64_PC32 relocation
/home/radovan/Downloads/ivs_project_1/assignment/build/black_box_test: Symbol `free' causes overflow in R_X86_64_PC32 relocation
/home/radovan/Downloads/ivs_project_1/assignment/build/black_box_test: Symbol `malloc' causes overflow in R_X86_64_PC32 relocation
/home/radovan/Downloads/ivs_project_1/assignment/build/black_box_test: Symbol `malloc' causes overflow in R_X86_64_PC32 relocation
/home/radovan/Downloads/ivs_project_1/assignment/build/black_box_test: Symbol `malloc' causes overflow in R_X86_64_PC32 relocation
Running main() from gtest_main.cc
Note: Google Test filter = TreeAxioms.Axiom1
[==========] Running 1 test from 1 test case.
[----------] Global test environment set-up.
[----------] 1 test from TreeAxioms
[ RUN      ] TreeAxioms.Axiom1
<end of output>
Test time =   0.10 sec
----------------------------------------------------------
Test Failed.
"TreeAxioms.Axiom1" end time: Mar 05 17:33 CET
"TreeAxioms.Axiom1" time elapsed: 00:00:00
----------------------------------------------------------

8/34 Testing: TreeAxioms.Axiom2
8/34 Test: TreeAxioms.Axiom2
Command: "/home/radovan/Downloads/ivs_project_1/assignment/build/black_box_test" "--gtest_filter=TreeAxioms.Axiom2"
Directory: /home/radovan/Downloads/ivs_project_1/assignment/build
"TreeAxioms.Axiom2" start time: Mar 05 17:33 CET
Output:
----------------------------------------------------------
/home/radovan/Downloads/ivs_project_1/assignment/build/black_box_test: Symbol `free' causes overflow in R_X86_64_PC32 relocation
/home/radovan/Downloads/ivs_project_1/assignment/build/black_box_test: Symbol `free' causes overflow in R_X86_64_PC32 relocation
/home/radovan/Downloads/ivs_project_1/assignment/build/black_box_test: Symbol `free' causes overflow in R_X86_64_PC32 relocation
/home/radovan/Downloads/ivs_project_1/assignment/build/black_box_test: Symbol `free' causes overflow in R_X86_64_PC32 relocation
/home/radovan/Downloads/ivs_project_1/assignment/build/black_box_test: Symbol `free' causes overflow in R_X86_64_PC32 relocation
/home/radovan/Downloads/ivs_project_1/assignment/build/black_box_test: Symbol `malloc' causes overflow in R_X86_64_PC32 relocation
/home/radovan/Downloads/ivs_project_1/assignment/build/black_box_test: Symbol `malloc' causes overflow in R_X86_64_PC32 relocation
/home/radovan/Downloads/ivs_project_1/assignment/build/black_box_test: Symbol `malloc' causes overflow in R_X86_64_PC32 relocation
Running main() from gtest_main.cc
Note: Google Test filter = TreeAxioms.Axiom2
[==========] Running 1 test from 1 test case.
[----------] Global test environment set-up.
[----------] 1 test from TreeAxioms
[ RUN      ] TreeAxioms.Axiom2
<end of output>
Test time =   0.10 sec
----------------------------------------------------------
Test Failed.
"TreeAxioms.Axiom2" end time: Mar 05 17:33 CET
"TreeAxioms.Axiom2" time elapsed: 00:00:00
----------------------------------------------------------

9/34 Testing: TreeAxioms.Axiom3
9/34 Test: TreeAxioms.Axiom3
Command: "/home/radovan/Downloads/ivs_project_1/assignment/build/black_box_test" "--gtest_filter=TreeAxioms.Axiom3"
Directory: /home/radovan/Downloads/ivs_project_1/assignment/build
"TreeAxioms.Axiom3" start time: Mar 05 17:33 CET
Output:
----------------------------------------------------------
/home/radovan/Downloads/ivs_project_1/assignment/build/black_box_test: Symbol `free' causes overflow in R_X86_64_PC32 relocation
/home/radovan/Downloads/ivs_project_1/assignment/build/black_box_test: Symbol `free' causes overflow in R_X86_64_PC32 relocation
/home/radovan/Downloads/ivs_project_1/assignment/build/black_box_test: Symbol `free' causes overflow in R_X86_64_PC32 relocation
/home/radovan/Downloads/ivs_project_1/assignment/build/black_box_test: Symbol `free' causes overflow in R_X86_64_PC32 relocation
/home/radovan/Downloads/ivs_project_1/assignment/build/black_box_test: Symbol `free' causes overflow in R_X86_64_PC32 relocation
/home/radovan/Downloads/ivs_project_1/assignment/build/black_box_test: Symbol `malloc' causes overflow in R_X86_64_PC32 relocation
/home/radovan/Downloads/ivs_project_1/assignment/build/black_box_test: Symbol `malloc' causes overflow in R_X86_64_PC32 relocation
/home/radovan/Downloads/ivs_project_1/assignment/build/black_box_test: Symbol `malloc' causes overflow in R_X86_64_PC32 relocation
Running main() from gtest_main.cc
Note: Google Test filter = TreeAxioms.Axiom3
[==========] Running 1 test from 1 test case.
[----------] Global test environment set-up.
[----------] 1 test from TreeAxioms
[ RUN      ] TreeAxioms.Axiom3
<end of output>
Test time =   0.10 sec
----------------------------------------------------------
Test Failed.
"TreeAxioms.Axiom3" end time: Mar 05 17:33 CET
"TreeAxioms.Axiom3" time elapsed: 00:00:00
----------------------------------------------------------

10/34 Testing: TestingMatrix.Construct
10/34 Test: TestingMatrix.Construct
Command: "/home/radovan/Downloads/ivs_project_1/assignment/build/white_box_test" "--gtest_filter=TestingMatrix.Construct"
Directory: /home/radovan/Downloads/ivs_project_1/assignment/build
"TestingMatrix.Construct" start time: Mar 05 17:33 CET
Output:
----------------------------------------------------------
Running main() from gtest_main.cc
Note: Google Test filter = TestingMatrix.Construct
[==========] Running 1 test from 1 test case.
[----------] Global test environment set-up.
[----------] 1 test from TestingMatrix
[ RUN      ] TestingMatrix.Construct
[       OK ] TestingMatrix.Construct (0 ms)
[----------] 1 test from TestingMatrix (0 ms total)

[----------] Global test environment tear-down
[==========] 1 test from 1 test case ran. (0 ms total)
[  PASSED  ] 1 test.
<end of output>
Test time =   0.00 sec
----------------------------------------------------------
Test Passed.
"TestingMatrix.Construct" end time: Mar 05 17:33 CET
"TestingMatrix.Construct" time elapsed: 00:00:00
----------------------------------------------------------

11/34 Testing: TestingMatrix.SetValueZero1x1Matrix
11/34 Test: TestingMatrix.SetValueZero1x1Matrix
Command: "/home/radovan/Downloads/ivs_project_1/assignment/build/white_box_test" "--gtest_filter=TestingMatrix.SetValueZero1x1Matrix"
Directory: /home/radovan/Downloads/ivs_project_1/assignment/build
"TestingMatrix.SetValueZero1x1Matrix" start time: Mar 05 17:33 CET
Output:
----------------------------------------------------------
Running main() from gtest_main.cc
Note: Google Test filter = TestingMatrix.SetValueZero1x1Matrix
[==========] Running 1 test from 1 test case.
[----------] Global test environment set-up.
[----------] 1 test from TestingMatrix
[ RUN      ] TestingMatrix.SetValueZero1x1Matrix
[       OK ] TestingMatrix.SetValueZero1x1Matrix (0 ms)
[----------] 1 test from TestingMatrix (0 ms total)

[----------] Global test environment tear-down
[==========] 1 test from 1 test case ran. (0 ms total)
[  PASSED  ] 1 test.
<end of output>
Test time =   0.00 sec
----------------------------------------------------------
Test Passed.
"TestingMatrix.SetValueZero1x1Matrix" end time: Mar 05 17:33 CET
"TestingMatrix.SetValueZero1x1Matrix" time elapsed: 00:00:00
----------------------------------------------------------

12/34 Testing: TestingMatrix.SetValue6x6Matrix
12/34 Test: TestingMatrix.SetValue6x6Matrix
Command: "/home/radovan/Downloads/ivs_project_1/assignment/build/white_box_test" "--gtest_filter=TestingMatrix.SetValue6x6Matrix"
Directory: /home/radovan/Downloads/ivs_project_1/assignment/build
"TestingMatrix.SetValue6x6Matrix" start time: Mar 05 17:33 CET
Output:
----------------------------------------------------------
Running main() from gtest_main.cc
Note: Google Test filter = TestingMatrix.SetValue6x6Matrix
[==========] Running 1 test from 1 test case.
[----------] Global test environment set-up.
[----------] 1 test from TestingMatrix
[ RUN      ] TestingMatrix.SetValue6x6Matrix
[       OK ] TestingMatrix.SetValue6x6Matrix (0 ms)
[----------] 1 test from TestingMatrix (0 ms total)

[----------] Global test environment tear-down
[==========] 1 test from 1 test case ran. (0 ms total)
[  PASSED  ] 1 test.
<end of output>
Test time =   0.00 sec
----------------------------------------------------------
Test Passed.
"TestingMatrix.SetValue6x6Matrix" end time: Mar 05 17:33 CET
"TestingMatrix.SetValue6x6Matrix" time elapsed: 00:00:00
----------------------------------------------------------

13/34 Testing: TestingMatrix.SetValuesZero1x1Matrix
13/34 Test: TestingMatrix.SetValuesZero1x1Matrix
Command: "/home/radovan/Downloads/ivs_project_1/assignment/build/white_box_test" "--gtest_filter=TestingMatrix.SetValuesZero1x1Matrix"
Directory: /home/radovan/Downloads/ivs_project_1/assignment/build
"TestingMatrix.SetValuesZero1x1Matrix" start time: Mar 05 17:33 CET
Output:
----------------------------------------------------------
Running main() from gtest_main.cc
Note: Google Test filter = TestingMatrix.SetValuesZero1x1Matrix
[==========] Running 1 test from 1 test case.
[----------] Global test environment set-up.
[----------] 1 test from TestingMatrix
[ RUN      ] TestingMatrix.SetValuesZero1x1Matrix
[       OK ] TestingMatrix.SetValuesZero1x1Matrix (0 ms)
[----------] 1 test from TestingMatrix (0 ms total)

[----------] Global test environment tear-down
[==========] 1 test from 1 test case ran. (0 ms total)
[  PASSED  ] 1 test.
<end of output>
Test time =   0.00 sec
----------------------------------------------------------
Test Passed.
"TestingMatrix.SetValuesZero1x1Matrix" end time: Mar 05 17:33 CET
"TestingMatrix.SetValuesZero1x1Matrix" time elapsed: 00:00:00
----------------------------------------------------------

14/34 Testing: TestingMatrix.SetValues2x3Matrix
14/34 Test: TestingMatrix.SetValues2x3Matrix
Command: "/home/radovan/Downloads/ivs_project_1/assignment/build/white_box_test" "--gtest_filter=TestingMatrix.SetValues2x3Matrix"
Directory: /home/radovan/Downloads/ivs_project_1/assignment/build
"TestingMatrix.SetValues2x3Matrix" start time: Mar 05 17:33 CET
Output:
----------------------------------------------------------
Running main() from gtest_main.cc
Note: Google Test filter = TestingMatrix.SetValues2x3Matrix
[==========] Running 1 test from 1 test case.
[----------] Global test environment set-up.
[----------] 1 test from TestingMatrix
[ RUN      ] TestingMatrix.SetValues2x3Matrix
[       OK ] TestingMatrix.SetValues2x3Matrix (0 ms)
[----------] 1 test from TestingMatrix (0 ms total)

[----------] Global test environment tear-down
[==========] 1 test from 1 test case ran. (0 ms total)
[  PASSED  ] 1 test.
<end of output>
Test time =   0.00 sec
----------------------------------------------------------
Test Passed.
"TestingMatrix.SetValues2x3Matrix" end time: Mar 05 17:33 CET
"TestingMatrix.SetValues2x3Matrix" time elapsed: 00:00:00
----------------------------------------------------------

15/34 Testing: TestingMatrix.SetValues3x2Matrix
15/34 Test: TestingMatrix.SetValues3x2Matrix
Command: "/home/radovan/Downloads/ivs_project_1/assignment/build/white_box_test" "--gtest_filter=TestingMatrix.SetValues3x2Matrix"
Directory: /home/radovan/Downloads/ivs_project_1/assignment/build
"TestingMatrix.SetValues3x2Matrix" start time: Mar 05 17:33 CET
Output:
----------------------------------------------------------
Running main() from gtest_main.cc
Note: Google Test filter = TestingMatrix.SetValues3x2Matrix
[==========] Running 1 test from 1 test case.
[----------] Global test environment set-up.
[----------] 1 test from TestingMatrix
[ RUN      ] TestingMatrix.SetValues3x2Matrix
[       OK ] TestingMatrix.SetValues3x2Matrix (0 ms)
[----------] 1 test from TestingMatrix (0 ms total)

[----------] Global test environment tear-down
[==========] 1 test from 1 test case ran. (0 ms total)
[  PASSED  ] 1 test.
<end of output>
Test time =   0.00 sec
----------------------------------------------------------
Test Passed.
"TestingMatrix.SetValues3x2Matrix" end time: Mar 05 17:33 CET
"TestingMatrix.SetValues3x2Matrix" time elapsed: 00:00:00
----------------------------------------------------------

16/34 Testing: TestingMatrix.SetValues6x6Matrix
16/34 Test: TestingMatrix.SetValues6x6Matrix
Command: "/home/radovan/Downloads/ivs_project_1/assignment/build/white_box_test" "--gtest_filter=TestingMatrix.SetValues6x6Matrix"
Directory: /home/radovan/Downloads/ivs_project_1/assignment/build
"TestingMatrix.SetValues6x6Matrix" start time: Mar 05 17:33 CET
Output:
----------------------------------------------------------
Running main() from gtest_main.cc
Note: Google Test filter = TestingMatrix.SetValues6x6Matrix
[==========] Running 1 test from 1 test case.
[----------] Global test environment set-up.
[----------] 1 test from TestingMatrix
[ RUN      ] TestingMatrix.SetValues6x6Matrix
[       OK ] TestingMatrix.SetValues6x6Matrix (0 ms)
[----------] 1 test from TestingMatrix (0 ms total)

[----------] Global test environment tear-down
[==========] 1 test from 1 test case ran. (0 ms total)
[  PASSED  ] 1 test.
<end of output>
Test time =   0.00 sec
----------------------------------------------------------
Test Passed.
"TestingMatrix.SetValues6x6Matrix" end time: Mar 05 17:33 CET
"TestingMatrix.SetValues6x6Matrix" time elapsed: 00:00:00
----------------------------------------------------------

17/34 Testing: TestingMatrix.GetValuesZero1x1Matrix
17/34 Test: TestingMatrix.GetValuesZero1x1Matrix
Command: "/home/radovan/Downloads/ivs_project_1/assignment/build/white_box_test" "--gtest_filter=TestingMatrix.GetValuesZero1x1Matrix"
Directory: /home/radovan/Downloads/ivs_project_1/assignment/build
"TestingMatrix.GetValuesZero1x1Matrix" start time: Mar 05 17:33 CET
Output:
----------------------------------------------------------
Running main() from gtest_main.cc
Note: Google Test filter = TestingMatrix.GetValuesZero1x1Matrix
[==========] Running 1 test from 1 test case.
[----------] Global test environment set-up.
[----------] 1 test from TestingMatrix
[ RUN      ] TestingMatrix.GetValuesZero1x1Matrix
[       OK ] TestingMatrix.GetValuesZero1x1Matrix (0 ms)
[----------] 1 test from TestingMatrix (0 ms total)

[----------] Global test environment tear-down
[==========] 1 test from 1 test case ran. (0 ms total)
[  PASSED  ] 1 test.
<end of output>
Test time =   0.00 sec
----------------------------------------------------------
Test Passed.
"TestingMatrix.GetValuesZero1x1Matrix" end time: Mar 05 17:33 CET
"TestingMatrix.GetValuesZero1x1Matrix" time elapsed: 00:00:00
----------------------------------------------------------

18/34 Testing: TestingMatrix.GetValues6x6Matrix
18/34 Test: TestingMatrix.GetValues6x6Matrix
Command: "/home/radovan/Downloads/ivs_project_1/assignment/build/white_box_test" "--gtest_filter=TestingMatrix.GetValues6x6Matrix"
Directory: /home/radovan/Downloads/ivs_project_1/assignment/build
"TestingMatrix.GetValues6x6Matrix" start time: Mar 05 17:33 CET
Output:
----------------------------------------------------------
Running main() from gtest_main.cc
Note: Google Test filter = TestingMatrix.GetValues6x6Matrix
[==========] Running 1 test from 1 test case.
[----------] Global test environment set-up.
[----------] 1 test from TestingMatrix
[ RUN      ] TestingMatrix.GetValues6x6Matrix
[       OK ] TestingMatrix.GetValues6x6Matrix (0 ms)
[----------] 1 test from TestingMatrix (0 ms total)

[----------] Global test environment tear-down
[==========] 1 test from 1 test case ran. (0 ms total)
[  PASSED  ] 1 test.
<end of output>
Test time =   0.01 sec
----------------------------------------------------------
Test Passed.
"TestingMatrix.GetValues6x6Matrix" end time: Mar 05 17:33 CET
"TestingMatrix.GetValues6x6Matrix" time elapsed: 00:00:00
----------------------------------------------------------

19/34 Testing: TestingMatrix.Equal
19/34 Test: TestingMatrix.Equal
Command: "/home/radovan/Downloads/ivs_project_1/assignment/build/white_box_test" "--gtest_filter=TestingMatrix.Equal"
Directory: /home/radovan/Downloads/ivs_project_1/assignment/build
"TestingMatrix.Equal" start time: Mar 05 17:33 CET
Output:
----------------------------------------------------------
Running main() from gtest_main.cc
Note: Google Test filter = TestingMatrix.Equal
[==========] Running 1 test from 1 test case.
[----------] Global test environment set-up.
[----------] 1 test from TestingMatrix
[ RUN      ] TestingMatrix.Equal
[       OK ] TestingMatrix.Equal (0 ms)
[----------] 1 test from TestingMatrix (0 ms total)

[----------] Global test environment tear-down
[==========] 1 test from 1 test case ran. (1 ms total)
[  PASSED  ] 1 test.
<end of output>
Test time =   0.00 sec
----------------------------------------------------------
Test Passed.
"TestingMatrix.Equal" end time: Mar 05 17:33 CET
"TestingMatrix.Equal" time elapsed: 00:00:00
----------------------------------------------------------

20/34 Testing: TestingMatrix.Plus
20/34 Test: TestingMatrix.Plus
Command: "/home/radovan/Downloads/ivs_project_1/assignment/build/white_box_test" "--gtest_filter=TestingMatrix.Plus"
Directory: /home/radovan/Downloads/ivs_project_1/assignment/build
"TestingMatrix.Plus" start time: Mar 05 17:33 CET
Output:
----------------------------------------------------------
Running main() from gtest_main.cc
Note: Google Test filter = TestingMatrix.Plus
[==========] Running 1 test from 1 test case.
[----------] Global test environment set-up.
[----------] 1 test from TestingMatrix
[ RUN      ] TestingMatrix.Plus
[       OK ] TestingMatrix.Plus (0 ms)
[----------] 1 test from TestingMatrix (0 ms total)

[----------] Global test environment tear-down
[==========] 1 test from 1 test case ran. (0 ms total)
[  PASSED  ] 1 test.
<end of output>
Test time =   0.00 sec
----------------------------------------------------------
Test Passed.
"TestingMatrix.Plus" end time: Mar 05 17:33 CET
"TestingMatrix.Plus" time elapsed: 00:00:00
----------------------------------------------------------

21/34 Testing: TestingMatrix.Multiply
21/34 Test: TestingMatrix.Multiply
Command: "/home/radovan/Downloads/ivs_project_1/assignment/build/white_box_test" "--gtest_filter=TestingMatrix.Multiply"
Directory: /home/radovan/Downloads/ivs_project_1/assignment/build
"TestingMatrix.Multiply" start time: Mar 05 17:33 CET
Output:
----------------------------------------------------------
Running main() from gtest_main.cc
Note: Google Test filter = TestingMatrix.Multiply
[==========] Running 1 test from 1 test case.
[----------] Global test environment set-up.
[----------] 1 test from TestingMatrix
[ RUN      ] TestingMatrix.Multiply
[       OK ] TestingMatrix.Multiply (0 ms)
[----------] 1 test from TestingMatrix (0 ms total)

[----------] Global test environment tear-down
[==========] 1 test from 1 test case ran. (0 ms total)
[  PASSED  ] 1 test.
<end of output>
Test time =   0.00 sec
----------------------------------------------------------
Test Passed.
"TestingMatrix.Multiply" end time: Mar 05 17:33 CET
"TestingMatrix.Multiply" time elapsed: 00:00:00
----------------------------------------------------------

22/34 Testing: TestingMatrix.MultiplyConst
22/34 Test: TestingMatrix.MultiplyConst
Command: "/home/radovan/Downloads/ivs_project_1/assignment/build/white_box_test" "--gtest_filter=TestingMatrix.MultiplyConst"
Directory: /home/radovan/Downloads/ivs_project_1/assignment/build
"TestingMatrix.MultiplyConst" start time: Mar 05 17:33 CET
Output:
----------------------------------------------------------
Running main() from gtest_main.cc
Note: Google Test filter = TestingMatrix.MultiplyConst
[==========] Running 1 test from 1 test case.
[----------] Global test environment set-up.
[----------] 1 test from TestingMatrix
[ RUN      ] TestingMatrix.MultiplyConst
[       OK ] TestingMatrix.MultiplyConst (1 ms)
[----------] 1 test from TestingMatrix (1 ms total)

[----------] Global test environment tear-down
[==========] 1 test from 1 test case ran. (1 ms total)
[  PASSED  ] 1 test.
<end of output>
Test time =   0.00 sec
----------------------------------------------------------
Test Passed.
"TestingMatrix.MultiplyConst" end time: Mar 05 17:33 CET
"TestingMatrix.MultiplyConst" time elapsed: 00:00:00
----------------------------------------------------------

23/34 Testing: TestingMatrix.EquationExceptions
23/34 Test: TestingMatrix.EquationExceptions
Command: "/home/radovan/Downloads/ivs_project_1/assignment/build/white_box_test" "--gtest_filter=TestingMatrix.EquationExceptions"
Directory: /home/radovan/Downloads/ivs_project_1/assignment/build
"TestingMatrix.EquationExceptions" start time: Mar 05 17:33 CET
Output:
----------------------------------------------------------
Running main() from gtest_main.cc
Note: Google Test filter = TestingMatrix.EquationExceptions
[==========] Running 1 test from 1 test case.
[----------] Global test environment set-up.
[----------] 1 test from TestingMatrix
[ RUN      ] TestingMatrix.EquationExceptions
[       OK ] TestingMatrix.EquationExceptions (0 ms)
[----------] 1 test from TestingMatrix (0 ms total)

[----------] Global test environment tear-down
[==========] 1 test from 1 test case ran. (0 ms total)
[  PASSED  ] 1 test.
<end of output>
Test time =   0.00 sec
----------------------------------------------------------
Test Passed.
"TestingMatrix.EquationExceptions" end time: Mar 05 17:33 CET
"TestingMatrix.EquationExceptions" time elapsed: 00:00:00
----------------------------------------------------------

24/34 Testing: TestingMatrix.Equation1x1
24/34 Test: TestingMatrix.Equation1x1
Command: "/home/radovan/Downloads/ivs_project_1/assignment/build/white_box_test" "--gtest_filter=TestingMatrix.Equation1x1"
Directory: /home/radovan/Downloads/ivs_project_1/assignment/build
"TestingMatrix.Equation1x1" start time: Mar 05 17:33 CET
Output:
----------------------------------------------------------
Running main() from gtest_main.cc
Note: Google Test filter = TestingMatrix.Equation1x1
[==========] Running 1 test from 1 test case.
[----------] Global test environment set-up.
[----------] 1 test from TestingMatrix
[ RUN      ] TestingMatrix.Equation1x1
[       OK ] TestingMatrix.Equation1x1 (0 ms)
[----------] 1 test from TestingMatrix (0 ms total)

[----------] Global test environment tear-down
[==========] 1 test from 1 test case ran. (0 ms total)
[  PASSED  ] 1 test.
<end of output>
Test time =   0.00 sec
----------------------------------------------------------
Test Passed.
"TestingMatrix.Equation1x1" end time: Mar 05 17:33 CET
"TestingMatrix.Equation1x1" time elapsed: 00:00:00
----------------------------------------------------------

25/34 Testing: TestingMatrix.Equation2x2
25/34 Test: TestingMatrix.Equation2x2
Command: "/home/radovan/Downloads/ivs_project_1/assignment/build/white_box_test" "--gtest_filter=TestingMatrix.Equation2x2"
Directory: /home/radovan/Downloads/ivs_project_1/assignment/build
"TestingMatrix.Equation2x2" start time: Mar 05 17:33 CET
Output:
----------------------------------------------------------
Running main() from gtest_main.cc
Note: Google Test filter = TestingMatrix.Equation2x2
[==========] Running 1 test from 1 test case.
[----------] Global test environment set-up.
[----------] 1 test from TestingMatrix
[ RUN      ] TestingMatrix.Equation2x2
[       OK ] TestingMatrix.Equation2x2 (0 ms)
[----------] 1 test from TestingMatrix (0 ms total)

[----------] Global test environment tear-down
[==========] 1 test from 1 test case ran. (0 ms total)
[  PASSED  ] 1 test.
<end of output>
Test time =   0.00 sec
----------------------------------------------------------
Test Passed.
"TestingMatrix.Equation2x2" end time: Mar 05 17:33 CET
"TestingMatrix.Equation2x2" time elapsed: 00:00:00
----------------------------------------------------------

26/34 Testing: TestingMatrix.Equation3x3
26/34 Test: TestingMatrix.Equation3x3
Command: "/home/radovan/Downloads/ivs_project_1/assignment/build/white_box_test" "--gtest_filter=TestingMatrix.Equation3x3"
Directory: /home/radovan/Downloads/ivs_project_1/assignment/build
"TestingMatrix.Equation3x3" start time: Mar 05 17:33 CET
Output:
----------------------------------------------------------
Running main() from gtest_main.cc
Note: Google Test filter = TestingMatrix.Equation3x3
[==========] Running 1 test from 1 test case.
[----------] Global test environment set-up.
[----------] 1 test from TestingMatrix
[ RUN      ] TestingMatrix.Equation3x3
/home/radovan/Downloads/ivs_project_1/assignment/white_box_tests.cpp:332: Failure
Value of: matrix.solveEquation(std::vector<double> {2, 3, 0}) == (std::vector<double> {1, -1, 1})
  Actual: false
Expected: true
[  FAILED  ] TestingMatrix.Equation3x3 (0 ms)
[----------] 1 test from TestingMatrix (0 ms total)

[----------] Global test environment tear-down
[==========] 1 test from 1 test case ran. (0 ms total)
[  PASSED  ] 0 tests.
[  FAILED  ] 1 test, listed below:
[  FAILED  ] TestingMatrix.Equation3x3

 1 FAILED TEST
<end of output>
Test time =   0.00 sec
----------------------------------------------------------
Test Failed.
"TestingMatrix.Equation3x3" end time: Mar 05 17:33 CET
"TestingMatrix.Equation3x3" time elapsed: 00:00:00
----------------------------------------------------------

27/34 Testing: TestingMatrix.Equation6x6
27/34 Test: TestingMatrix.Equation6x6
Command: "/home/radovan/Downloads/ivs_project_1/assignment/build/white_box_test" "--gtest_filter=TestingMatrix.Equation6x6"
Directory: /home/radovan/Downloads/ivs_project_1/assignment/build
"TestingMatrix.Equation6x6" start time: Mar 05 17:33 CET
Output:
----------------------------------------------------------
Running main() from gtest_main.cc
Note: Google Test filter = TestingMatrix.Equation6x6
[==========] Running 1 test from 1 test case.
[----------] Global test environment set-up.
[----------] 1 test from TestingMatrix
[ RUN      ] TestingMatrix.Equation6x6
[       OK ] TestingMatrix.Equation6x6 (9 ms)
[----------] 1 test from TestingMatrix (9 ms total)

[----------] Global test environment tear-down
[==========] 1 test from 1 test case ran. (9 ms total)
[  PASSED  ] 1 test.
<end of output>
Test time =   0.01 sec
----------------------------------------------------------
Test Passed.
"TestingMatrix.Equation6x6" end time: Mar 05 17:33 CET
"TestingMatrix.Equation6x6" time elapsed: 00:00:00
----------------------------------------------------------

28/34 Testing: NonEmptyQueue.Insert
28/34 Test: NonEmptyQueue.Insert
Command: "/home/radovan/Downloads/ivs_project_1/assignment/build/tdd_test" "--gtest_filter=NonEmptyQueue.Insert"
Directory: /home/radovan/Downloads/ivs_project_1/assignment/build
"NonEmptyQueue.Insert" start time: Mar 05 17:33 CET
Output:
----------------------------------------------------------
Running main() from gtest_main.cc
Note: Google Test filter = NonEmptyQueue.Insert
[==========] Running 1 test from 1 test case.
[----------] Global test environment set-up.
[----------] 1 test from NonEmptyQueue
[ RUN      ] NonEmptyQueue.Insert
<end of output>
Test time =   0.10 sec
----------------------------------------------------------
Test Failed.
"NonEmptyQueue.Insert" end time: Mar 05 17:33 CET
"NonEmptyQueue.Insert" time elapsed: 00:00:00
----------------------------------------------------------

29/34 Testing: NonEmptyQueue.RemoveAllForward
29/34 Test: NonEmptyQueue.RemoveAllForward
Command: "/home/radovan/Downloads/ivs_project_1/assignment/build/tdd_test" "--gtest_filter=NonEmptyQueue.RemoveAllForward"
Directory: /home/radovan/Downloads/ivs_project_1/assignment/build
"NonEmptyQueue.RemoveAllForward" start time: Mar 05 17:33 CET
Output:
----------------------------------------------------------
Running main() from gtest_main.cc
Note: Google Test filter = NonEmptyQueue.RemoveAllForward
[==========] Running 1 test from 1 test case.
[----------] Global test environment set-up.
[----------] 1 test from NonEmptyQueue
[ RUN      ] NonEmptyQueue.RemoveAllForward
/home/radovan/Downloads/ivs_project_1/assignment/tdd_tests.cpp:56: Failure
Value of: queue.Remove(values[i])
  Actual: false
Expected: true
<end of output>
Test time =   0.10 sec
----------------------------------------------------------
Test Failed.
"NonEmptyQueue.RemoveAllForward" end time: Mar 05 17:33 CET
"NonEmptyQueue.RemoveAllForward" time elapsed: 00:00:00
----------------------------------------------------------

30/34 Testing: NonEmptyQueue.RemoveAllBackward
30/34 Test: NonEmptyQueue.RemoveAllBackward
Command: "/home/radovan/Downloads/ivs_project_1/assignment/build/tdd_test" "--gtest_filter=NonEmptyQueue.RemoveAllBackward"
Directory: /home/radovan/Downloads/ivs_project_1/assignment/build
"NonEmptyQueue.RemoveAllBackward" start time: Mar 05 17:33 CET
Output:
----------------------------------------------------------
Running main() from gtest_main.cc
Note: Google Test filter = NonEmptyQueue.RemoveAllBackward
[==========] Running 1 test from 1 test case.
[----------] Global test environment set-up.
[----------] 1 test from NonEmptyQueue
[ RUN      ] NonEmptyQueue.RemoveAllBackward
/home/radovan/Downloads/ivs_project_1/assignment/tdd_tests.cpp:71: Failure
Value of: queue.Remove(values[i])
  Actual: false
Expected: true
<end of output>
Test time =   0.10 sec
----------------------------------------------------------
Test Failed.
"NonEmptyQueue.RemoveAllBackward" end time: Mar 05 17:33 CET
"NonEmptyQueue.RemoveAllBackward" time elapsed: 00:00:00
----------------------------------------------------------

31/34 Testing: NonEmptyQueue.Find
31/34 Test: NonEmptyQueue.Find
Command: "/home/radovan/Downloads/ivs_project_1/assignment/build/tdd_test" "--gtest_filter=NonEmptyQueue.Find"
Directory: /home/radovan/Downloads/ivs_project_1/assignment/build
"NonEmptyQueue.Find" start time: Mar 05 17:33 CET
Output:
----------------------------------------------------------
Running main() from gtest_main.cc
Note: Google Test filter = NonEmptyQueue.Find
[==========] Running 1 test from 1 test case.
[----------] Global test environment set-up.
[----------] 1 test from NonEmptyQueue
[ RUN      ] NonEmptyQueue.Find
/home/radovan/Downloads/ivs_project_1/assignment/tdd_tests.cpp:85: Failure
Value of: pElem != NULL
  Actual: false
Expected: true
[  FAILED  ] NonEmptyQueue.Find (0 ms)
[----------] 1 test from NonEmptyQueue (0 ms total)

[----------] Global test environment tear-down
[==========] 1 test from 1 test case ran. (0 ms total)
[  PASSED  ] 0 tests.
[  FAILED  ] 1 test, listed below:
[  FAILED  ] NonEmptyQueue.Find

 1 FAILED TEST
<end of output>
Test time =   0.00 sec
----------------------------------------------------------
Test Failed.
"NonEmptyQueue.Find" end time: Mar 05 17:33 CET
"NonEmptyQueue.Find" time elapsed: 00:00:00
----------------------------------------------------------

32/34 Testing: EmptyQueue.Insert
32/34 Test: EmptyQueue.Insert
Command: "/home/radovan/Downloads/ivs_project_1/assignment/build/tdd_test" "--gtest_filter=EmptyQueue.Insert"
Directory: /home/radovan/Downloads/ivs_project_1/assignment/build
"EmptyQueue.Insert" start time: Mar 05 17:33 CET
Output:
----------------------------------------------------------
Running main() from gtest_main.cc
Note: Google Test filter = EmptyQueue.Insert
[==========] Running 1 test from 1 test case.
[----------] Global test environment set-up.
[----------] 1 test from EmptyQueue
[ RUN      ] EmptyQueue.Insert
/home/radovan/Downloads/ivs_project_1/assignment/tdd_tests.cpp:100: Failure
Value of: queue.GetHead() != NULL
  Actual: false
Expected: true
[  FAILED  ] EmptyQueue.Insert (0 ms)
[----------] 1 test from EmptyQueue (0 ms total)

[----------] Global test environment tear-down
[==========] 1 test from 1 test case ran. (0 ms total)
[  PASSED  ] 0 tests.
[  FAILED  ] 1 test, listed below:
[  FAILED  ] EmptyQueue.Insert

 1 FAILED TEST
<end of output>
Test time =   0.00 sec
----------------------------------------------------------
Test Failed.
"EmptyQueue.Insert" end time: Mar 05 17:33 CET
"EmptyQueue.Insert" time elapsed: 00:00:00
----------------------------------------------------------

33/34 Testing: EmptyQueue.Remove
33/34 Test: EmptyQueue.Remove
Command: "/home/radovan/Downloads/ivs_project_1/assignment/build/tdd_test" "--gtest_filter=EmptyQueue.Remove"
Directory: /home/radovan/Downloads/ivs_project_1/assignment/build
"EmptyQueue.Remove" start time: Mar 05 17:33 CET
Output:
----------------------------------------------------------
Running main() from gtest_main.cc
Note: Google Test filter = EmptyQueue.Remove
[==========] Running 1 test from 1 test case.
[----------] Global test environment set-up.
[----------] 1 test from EmptyQueue
[ RUN      ] EmptyQueue.Remove
[       OK ] EmptyQueue.Remove (0 ms)
[----------] 1 test from EmptyQueue (0 ms total)

[----------] Global test environment tear-down
[==========] 1 test from 1 test case ran. (0 ms total)
[  PASSED  ] 1 test.
<end of output>
Test time =   0.00 sec
----------------------------------------------------------
Test Passed.
"EmptyQueue.Remove" end time: Mar 05 17:33 CET
"EmptyQueue.Remove" time elapsed: 00:00:00
----------------------------------------------------------

34/34 Testing: EmptyQueue.Find
34/34 Test: EmptyQueue.Find
Command: "/home/radovan/Downloads/ivs_project_1/assignment/build/tdd_test" "--gtest_filter=EmptyQueue.Find"
Directory: /home/radovan/Downloads/ivs_project_1/assignment/build
"EmptyQueue.Find" start time: Mar 05 17:33 CET
Output:
----------------------------------------------------------
Running main() from gtest_main.cc
Note: Google Test filter = EmptyQueue.Find
[==========] Running 1 test from 1 test case.
[----------] Global test environment set-up.
[----------] 1 test from EmptyQueue
[ RUN      ] EmptyQueue.Find
[       OK ] EmptyQueue.Find (0 ms)
[----------] 1 test from EmptyQueue (0 ms total)

[----------] Global test environment tear-down
[==========] 1 test from 1 test case ran. (1 ms total)
[  PASSED  ] 1 test.
<end of output>
Test time =   0.00 sec
----------------------------------------------------------
Test Passed.
"EmptyQueue.Find" end time: Mar 05 17:33 CET
"EmptyQueue.Find" time elapsed: 00:00:00
----------------------------------------------------------

End testing: Mar 05 17:33 CET
